2017-07-15 10:02:18 INFO  main Launchpad.<init>():53 
properties:
  log4j.configuration: file:conf/wha/log4j-wha.properties
launcher: au.com.williamhill.flywheel.BeaconLauncher@68837a77
2017-07-15 10:02:18 INFO  main ForEachOps$ForEachOp$OfRef.accept():184 flywheel.beacon.port          : 8080
2017-07-15 10:02:18 INFO  main ForEachOps$ForEachOp$OfRef.accept():184 flywheel.beacon.interval      : 1000
2017-07-15 10:02:18 INFO  main ForEachOps$ForEachOp$OfRef.accept():184 flywheel.beacon.path          : /beacon
2017-07-15 10:02:18 INFO  main BeaconEdge.<init>():32 Flywheel version: 0.1.1-SNAPSHOT_1034
2017-07-15 10:02:18 INFO  main BeaconEdge.<init>():33 Indigo version:   0.9.4_1437
2017-07-15 10:10:39 INFO  main Launchpad.<init>():53 
properties:
  log4j.configuration: file:conf/wha/log4j-wha.properties
launcher: null
2017-07-15 10:11:20 INFO  main Launchpad.<init>():53 
properties:
  log4j.configuration: file:conf/wha/log4j-wha.properties
launcher: au.com.williamhill.flywheel.BeaconLauncher@77b52d12
2017-07-15 10:11:21 INFO  main ForEachOps$ForEachOp$OfRef.accept():184 flywheel.beacon.port          : 8080
2017-07-15 10:11:21 INFO  main ForEachOps$ForEachOp$OfRef.accept():184 flywheel.beacon.interval      : 1000
2017-07-15 10:11:21 INFO  main ForEachOps$ForEachOp$OfRef.accept():184 flywheel.beacon.path          : /beacon
2017-07-15 10:11:21 INFO  main BeaconEdge.<init>():32 Flywheel version: 0.1.1-SNAPSHOT_1034
2017-07-15 10:11:21 INFO  main BeaconEdge.<init>():33 Indigo version:   0.9.4_1437
2017-07-15 10:11:49 INFO  main Launchpad.<init>():53 
properties:
  log4j.configuration: file:conf/wha/log4j-wha.properties
launcher: au.com.williamhill.flywheel.BeaconLauncher@77b52d12
2017-07-15 10:11:49 INFO  main ForEachOps$ForEachOp$OfRef.accept():184 flywheel.beacon.port          : 8080
2017-07-15 10:11:49 INFO  main ForEachOps$ForEachOp$OfRef.accept():184 flywheel.beacon.interval      : 1000
2017-07-15 10:11:49 INFO  main ForEachOps$ForEachOp$OfRef.accept():184 flywheel.beacon.path          : /beacon
2017-07-15 10:11:49 INFO  main BeaconEdge.<init>():32 Flywheel version: 0.1.1-SNAPSHOT_1034
2017-07-15 10:11:49 INFO  main BeaconEdge.<init>():33 Indigo version:   0.9.4_1437
2017-07-15 10:12:46 INFO  main Launchpad.<init>():53 
properties:
  log4j.configuration: file:conf/wha/log4j-wha.properties
launcher: au.com.williamhill.flywheel.BeaconLauncher@77b52d12
2017-07-15 10:12:46 INFO  main ForEachOps$ForEachOp$OfRef.accept():184 flywheel.beacon.port          : 8080
2017-07-15 10:12:46 INFO  main ForEachOps$ForEachOp$OfRef.accept():184 flywheel.beacon.interval      : 1000
2017-07-15 10:12:46 INFO  main ForEachOps$ForEachOp$OfRef.accept():184 flywheel.beacon.path          : /beacon
2017-07-15 10:12:46 INFO  main BeaconEdge.<init>():32 Flywheel version: 0.1.1-SNAPSHOT_1034
2017-07-15 10:12:46 INFO  main BeaconEdge.<init>():33 Indigo version:   0.9.4_1437
2017-07-15 10:26:36 INFO  main Launchpad.<init>():53 
properties:
  log4j.configuration: file:conf/wha/log4j-wha.properties
  flywheel.logging.splunk.url: https://splunk-ec-sy3.prod.sbet.com.au:8088/services/collector
  flywheel.logging.splunk.token: <not shown>
  flywheel.logging.splunk.index: platform_flywheel_dev
  flywheel.logging.splunk.source: platform_flywheel_dev
launcher: au.com.williamhill.flywheel.BeaconLauncher@3dd3bcd
2017-07-15 10:26:36 INFO  main ForEachOps$ForEachOp$OfRef.accept():184 flywheel.beacon.port          : 8080
2017-07-15 10:26:36 INFO  main ForEachOps$ForEachOp$OfRef.accept():184 flywheel.beacon.interval      : 1000
2017-07-15 10:26:36 INFO  main ForEachOps$ForEachOp$OfRef.accept():184 flywheel.beacon.path          : /beacon
2017-07-15 10:26:36 INFO  main BeaconEdge.<init>():32 Flywheel version: 0.1.1-SNAPSHOT_1034
2017-07-15 10:26:37 INFO  main BeaconEdge.<init>():33 Indigo version:   0.9.4_1437
2017-07-15 10:31:17 INFO  main Launchpad.<init>():54 
  properties:
    log4j.configuration: file:conf/wha/log4j-wha.properties
    flywheel.logging.splunk.url: https://splunk-ec-sy3.prod.sbet.com.au:8088/services/collector
    flywheel.logging.splunk.token: <not shown>
    flywheel.logging.splunk.index: platform_flywheel_dev
    flywheel.logging.splunk.source: platform_flywheel_dev
  launcher: au.com.williamhill.flywheel.BeaconLauncher@3dd3bcd
  backplane: au.com.williamhill.flywheel.edge.backplane.kafka.KafkaBackplane@97e1986
2017-07-15 10:31:17 INFO  main ForEachOps$ForEachOp$OfRef.accept():184 flywheel.beacon.port          : 8080
2017-07-15 10:31:17 INFO  main ForEachOps$ForEachOp$OfRef.accept():184 flywheel.beacon.interval      : 1000
2017-07-15 10:31:17 INFO  main ForEachOps$ForEachOp$OfRef.accept():184 flywheel.beacon.path          : /beacon
2017-07-15 10:31:17 INFO  main BeaconEdge.<init>():32 Flywheel version: 0.1.1-SNAPSHOT_1034
2017-07-15 10:31:17 INFO  main BeaconEdge.<init>():33 Indigo version:   0.9.4_1437
